<?xml version="1.0" encoding="UTF-8"?>
<!-- Generated by org.testng.reporters.JUnitReportReporter -->
<testsuite hostname="Jose" failures="0" tests="9" name="com.swagLabTest.SwaglabTest" time="19.464" errors="0" timestamp="2022-06-18T15:29:57 IST" skipped="1">
  <testcase classname="com.swagLabTest.SwaglabTest" name="getMethods" time="0.673"/>
  <system-out/>
  <testcase classname="com.swagLabTest.SwaglabTest" name="navigationCommands" time="9.958"/>
  <system-out/>
  <testcase classname="com.swagLabTest.SwaglabTest" name="checkMouseAction" time="2.732"/>
  <system-out/>
  <testcase classname="com.swagLabTest.SwaglabTest" name="testDragDrop" time="0.539"/>
  <system-out/>
  <testcase classname="com.swagLabTest.SwaglabTest" name="testdropSourceToTarget" time="0.855"/>
  <system-out/>
  <testcase classname="com.swagLabTest.SwaglabTest" name="testSendKeys" time="1.023"/>
  <system-out/>
  <testcase classname="com.swagLabTest.SwaglabTest" name="testclearAndsendkeys" time="0.720"/>
  <system-out/>
  <testcase classname="com.swagLabTest.SwaglabTest" name="testAlert" time="2.964"/>
  <system-out/>
  <testcase classname="com.swagLabTest.SwaglabTest" name="navigateCloseQuitCOMMAND">
    <skipped/>
  </testcase> <!-- navigateCloseQuitCOMMAND -->
  <system-out/>
</testsuite> <!-- com.swagLabTest.SwaglabTest -->
